<?xml version="1.0" encoding="UTF-8"?>
<!-- Generated by org.testng.reporters.JUnitXMLReporter -->
<testsuite hostname="Che-Lt-Rajak" ignored="0" name="Test Class AdminAddNew Comment" tests="6" failures="0" timestamp="22 Jul 2019 11:05:17 GMT" time="0.029" errors="0">
  <testcase name="@BeforeTest setUpForLoginTest" time="0.0" classname="com.doosan.nao.fleetManagements.test.TestAddcommentDifferentDealers">
    <failure type="org.testng.TestNGException" message="
Method setUpForLoginTest requires 10 parameters but 9 were supplied in the BeforeTest annotation.">
      <![CDATA[org.testng.TestNGException: 
Method setUpForLoginTest requires 10 parameters but 9 were supplied in the BeforeTest annotation.
... Removed 21 stack frames]]>
    </failure>
  </testcase> <!-- @BeforeTest setUpForLoginTest -->
  <testcase name="@AfterMethod onTestFailure" time="0.0" classname="com.doosan.nao.fleetManagements.test.TestAddcommentDifferentDealers">
    <skipped/>
  </testcase> <!-- @AfterMethod onTestFailure -->
  <testcase name="@AfterMethod onTestFailure" time="0.0" classname="com.doosan.nao.fleetManagements.test.TestAddcommentDifferentDealers">
    <skipped/>
  </testcase> <!-- @AfterMethod onTestFailure -->
  <testcase name="@AfterMethod onTestFailure" time="0.0" classname="com.doosan.nao.fleetManagements.test.TestAddcommentDifferentDealers">
    <skipped/>
  </testcase> <!-- @AfterMethod onTestFailure -->
  <testcase name="@AfterMethod onTestFailure" time="0.0" classname="com.doosan.nao.fleetManagements.test.TestAddcommentDifferentDealers">
    <skipped/>
  </testcase> <!-- @AfterMethod onTestFailure -->
  <testcase name="@AfterMethod onTestFailure" time="0.0" classname="com.doosan.nao.fleetManagements.test.TestAddcommentDifferentDealers">
    <skipped/>
  </testcase> <!-- @AfterMethod onTestFailure -->
  <testcase name="@AfterMethod onTestFailure" time="0.0" classname="com.doosan.nao.fleetManagements.test.TestAddcommentDifferentDealers">
    <skipped/>
  </testcase> <!-- @AfterMethod onTestFailure -->
  <testcase name="@AfterTest BrowserQuit" time="0.0" classname="com.doosan.nao.fleetManagements.test.TestAddcommentDifferentDealers">
    <skipped/>
  </testcase> <!-- @AfterTest BrowserQuit -->
  <testcase name="testclickFleetManagementLink1489" time="0.0" classname="com.doosan.nao.fleetManagements.test.TestAddcommentDifferentDealers">
    <skipped/>
  </testcase> <!-- testclickFleetManagementLink1489 -->
  <testcase name="testclickFleetManagementLink1725" time="0.0" classname="com.doosan.nao.fleetManagements.test.TestAddcommentDifferentDealers">
    <skipped/>
  </testcase> <!-- testclickFleetManagementLink1725 -->
  <testcase name="testVrifyAddcommentLinkfor1725" time="0.0" classname="com.doosan.nao.fleetManagements.test.TestAddcommentDifferentDealers">
    <skipped/>
  </testcase> <!-- testVrifyAddcommentLinkfor1725 -->
  <testcase name="testValidateAddNewComments" time="0.0" classname="com.doosan.nao.fleetManagements.test.TestAddcommentDifferentDealers">
    <skipped/>
  </testcase> <!-- testValidateAddNewComments -->
  <testcase name="testValidateTotalComments" time="0.0" classname="com.doosan.nao.fleetManagements.test.TestAddcommentDifferentDealers">
    <skipped/>
  </testcase> <!-- testValidateTotalComments -->
  <testcase name="testNewCommentaddedinAnotherDealer" time="0.0" classname="com.doosan.nao.fleetManagements.test.TestAddcommentDifferentDealers">
    <skipped/>
  </testcase> <!-- testNewCommentaddedinAnotherDealer -->
</testsuite> <!-- Test Class AdminAddNew Comment -->
