<?xml version="1.0" encoding="UTF-8"?>
<!-- Generated by org.testng.reporters.JUnitReportReporter -->
<testsuite hostname="che-lt-tvinoth" name="com.doosan.nao.classOrderTest.ClassTwoOrderValidator" tests="2" failures="0" timestamp="20 Mar 2015 15:20:12 GMT" time="594.946" errors="0">
  <testcase name="ValidateClassTwoOrderValidatorTest" time="256.904" classname="com.doosan.nao.classOrderTest.ClassTwoOrderValidator"/>
  <testcase name="ValidateClassTwoOrderValidatorTest" time="338.042" classname="com.doosan.nao.classOrderTest.ClassTwoOrderValidator"/>
</testsuite> <!-- com.doosan.nao.classOrderTest.ClassTwoOrderValidator -->
