<?xml version="1.0" encoding="UTF-8"?>
<!-- Generated by org.testng.reporters.JUnitReportReporter -->
<testsuite hostname="che-lt-tvinoth" name="com.doosan.nao.classOrderTest.ClassZeroOrderValidator" tests="2" failures="0" timestamp="18 Mar 2015 07:23:11 GMT" time="0.002" errors="0">
  <testcase name="ValidateClassZeroOrderValidatorTest" time="0.001" classname="com.doosan.nao.classOrderTest.ClassZeroOrderValidator"/>
  <testcase name="ValidateClassZeroOrderValidatorTest" time="0.001" classname="com.doosan.nao.classOrderTest.ClassZeroOrderValidator"/>
</testsuite> <!-- com.doosan.nao.classOrderTest.ClassZeroOrderValidator -->
