<?xml version="1.0" encoding="UTF-8"?>
<!-- Generated by org.testng.reporters.JUnitXMLReporter -->
<testsuite hostname="Che-Lt-Rajak" name="SelectOrgSearchTwoContains" tests="2" failures="0" timestamp="4 Jun 2019 08:36:37 GMT" time="159.482" errors="0">
  <testcase name="validateSelectOrgPageTwoDropDownTest" time="24.935" classname="com.doosan.nao.pagfactory.classOrderTest.SelectOrgSearchTwoContains"/>
  <testcase name="validateSelectOrgPageTwoDropDownTest" time="25.157" classname="com.doosan.nao.pagfactory.classOrderTest.SelectOrgSearchTwoContains"/>
</testsuite> <!-- SelectOrgSearchTwoContains -->
