<?xml version="1.0" encoding="UTF-8"?>
<!-- Generated by org.testng.reporters.JUnitXMLReporter -->
<testsuite hostname="Che-Lt-Rajak" name="SelectOrgSearchResultZero" tests="2" failures="0" timestamp="4 Jun 2019 08:32:57 GMT" time="157.965" errors="0">
  <testcase name="validateSelectOrgPageTwoDropDownTest" time="27.048" classname="com.doosan.nao.pagfactory.classOrderTest.SelectOrgSearchTwoContains"/>
  <testcase name="validateSelectOrgPageTwoDropDownTest" time="24.559" classname="com.doosan.nao.pagfactory.classOrderTest.SelectOrgSearchTwoContains"/>
</testsuite> <!-- SelectOrgSearchResultZero -->
