<?xml version="1.0" encoding="UTF-8"?>
<!-- Generated by org.testng.reporters.JUnitXMLReporter -->
<testsuite hostname="che-lt-tvinoth" name="com.doosan.nao.classOrderTest.ClassThreeOrderValidator for firefox1" tests="2" failures="0" timestamp="18 Mar 2015 07:23:10 GMT" time="0.277" errors="0">
  <testcase name="ValidateClassThreeOrderValidatorTest" time="0.002" classname="com.doosan.nao.classOrderTest.ClassThreeOrderValidator"/>
  <testcase name="ValidateClassThreeOrderValidatorTest" time="0.002" classname="com.doosan.nao.classOrderTest.ClassThreeOrderValidator"/>
</testsuite> <!-- com.doosan.nao.classOrderTest.ClassThreeOrderValidator for firefox1 -->
