<?xml version="1.0" encoding="UTF-8"?>
<!-- Generated by org.testng.reporters.JUnitXMLReporter -->
<testsuite hostname="che-lt-tvinoth" name="com.doosan.nao.classOrderTest.ClassFourOrderValidator for firefox1" tests="1" failures="0" timestamp="16 Mar 2015 15:17:44 GMT" time="1.416" errors="0">
  <testcase name="ValidateClassOneOrderTest" time="0.006" classname="com.doosan.nao.classOrderTest.ClassFourOrderValidator"/>
</testsuite> <!-- com.doosan.nao.classOrderTest.ClassFourOrderValidator for firefox1 -->
