<?xml version="1.0" encoding="UTF-8"?>
<!-- Generated by org.testng.reporters.JUnitXMLReporter -->
<testsuite hostname="che-lt-tvinoth" name="com.doosan.nao.classOrderTest.ClassOneOrderValidator for firefox1" tests="1" failures="0" timestamp="17 Mar 2015 07:57:45 GMT" time="140.991" errors="0">
  <testcase name="@BeforeMethod setUpForClassOneOrderTest" time="0.0" classname="com.doosan.nao.classOrderTest.ClassOneOrderValidator">
    <failure type="org.openqa.selenium.WebDriverException" message="Unable to bind to locking port 7054 within 45000 ms
Build info: version: &amp;apos;2.45.0&amp;apos;, revision: &amp;apos;5017cb8e7ca8e37638dc3091b2440b90a1d8686f&amp;apos;, time: &amp;apos;2015-02-27 09:10:26&amp;apos;
System info: host: &amp;apos;che-lt-tvinoth&amp;apos;, ip: &amp;apos;10.53.9.156&amp;apos;, os.name: &amp;apos;Windows 7&amp;apos;, os.arch: &amp;apos;amd64&amp;apos;, os.version: &amp;apos;6.1&amp;apos;, java.version: &amp;apos;1.7.0_67&amp;apos;
Driver info: driver.version: FirefoxDriver">
      <![CDATA[org.openqa.selenium.WebDriverException: Unable to bind to locking port 7054 within 45000 ms
Build info: version: '2.45.0', revision: '5017cb8e7ca8e37638dc3091b2440b90a1d8686f', time: '2015-02-27 09:10:26'
System info: host: 'che-lt-tvinoth', ip: '10.53.9.156', os.name: 'Windows 7', os.arch: 'amd64', os.version: '6.1', java.version: '1.7.0_67'
Driver info: driver.version: FirefoxDriver
	at org.openqa.selenium.internal.SocketLock.lock(SocketLock.java:98)
	at org.openqa.selenium.firefox.internal.NewProfileExtensionConnection.start(NewProfileExtensionConnection.java:84)
	at org.openqa.selenium.firefox.FirefoxDriver.startClient(FirefoxDriver.java:246)
	at org.openqa.selenium.remote.RemoteWebDriver.<init>(RemoteWebDriver.java:114)
	at org.openqa.selenium.firefox.FirefoxDriver.<init>(FirefoxDriver.java:191)
	at org.openqa.selenium.firefox.FirefoxDriver.<init>(FirefoxDriver.java:186)
	at org.openqa.selenium.firefox.FirefoxDriver.<init>(FirefoxDriver.java:182)
	at org.openqa.selenium.firefox.FirefoxDriver.<init>(FirefoxDriver.java:95)
	at com.doosan.nao.init.WebdriverSelector.getDriver(WebdriverSelector.java:48)
	at com.doosan.nao.classOrderTest.ClassOneOrderValidator.setUpForClassOneOrderTest(ClassOneOrderValidator.java:45)
	at sun.reflect.NativeMethodAccessorImpl.invoke0(Native Method)
	at sun.reflect.NativeMethodAccessorImpl.invoke(Unknown Source)
	at sun.reflect.DelegatingMethodAccessorImpl.invoke(Unknown Source)
	at java.lang.reflect.Method.invoke(Unknown Source)
	at org.testng.internal.MethodInvocationHelper.invokeMethod(MethodInvocationHelper.java:84)
	at org.testng.internal.Invoker.invokeConfigurationMethod(Invoker.java:564)
	at org.testng.internal.Invoker.invokeConfigurations(Invoker.java:213)
	at org.testng.internal.Invoker.invokeMethod(Invoker.java:653)
	at org.testng.internal.Invoker.invokeTestMethod(Invoker.java:901)
	at org.testng.internal.Invoker.invokeTestMethods(Invoker.java:1231)
	at org.testng.internal.TestMethodWorker.invokeTestMethods(TestMethodWorker.java:127)
	at org.testng.internal.TestMethodWorker.run(TestMethodWorker.java:111)
	at org.testng.TestRunner.privateRun(TestRunner.java:767)
	at org.testng.TestRunner.run(TestRunner.java:617)
	at org.testng.SuiteRunner.runTest(SuiteRunner.java:334)
	at org.testng.SuiteRunner.access$000(SuiteRunner.java:37)
	at org.testng.SuiteRunner$SuiteWorker.run(SuiteRunner.java:368)
	at org.testng.internal.thread.ThreadUtil$2.call(ThreadUtil.java:64)
	at java.util.concurrent.FutureTask.run(Unknown Source)
	at java.util.concurrent.ThreadPoolExecutor.runWorker(Unknown Source)
	at java.util.concurrent.ThreadPoolExecutor$Worker.run(Unknown Source)
	at java.lang.Thread.run(Unknown Source)
]]>
    </failure>
  </testcase> <!-- @BeforeMethod setUpForClassOneOrderTest -->
  <testcase name="@AfterTest tearDown" time="0.0" classname="com.doosan.nao.classOrderTest.ClassOneOrderValidator">
    <skipped/>
  </testcase> <!-- @AfterTest tearDown -->
  <testcase name="ValidateClassOneOrderTest" time="0.003" classname="com.doosan.nao.classOrderTest.ClassOneOrderValidator">
    <skipped/>
  </testcase> <!-- ValidateClassOneOrderTest -->
</testsuite> <!-- com.doosan.nao.classOrderTest.ClassOneOrderValidator for firefox1 -->
