<?xml version="1.0" encoding="UTF-8"?>
<!-- Generated by org.testng.reporters.JUnitXMLReporter -->
<testsuite hostname="che-lt-tvinoth" name="com.doosan.nao.classOrderTest.Class48HoursOrderValidator for firefox1" tests="1" failures="0" timestamp="17 Mar 2015 07:59:37 GMT" time="253.766" errors="0">
  <testcase name="ValidateClass48HoursOrderValidatorTest" time="132.721" classname="com.doosan.nao.classOrderTest.Class48HoursOrderValidator"/>
</testsuite> <!-- com.doosan.nao.classOrderTest.Class48HoursOrderValidator for firefox1 -->
