<?xml version="1.0" encoding="UTF-8"?>
<!-- Generated by org.testng.reporters.JUnitXMLReporter -->
<testsuite hostname="che-lt-tvinoth" name="com.doosan.nao.classOrderTest.ClassZeroOrderValidator for firefox1" tests="1" failures="0" timestamp="17 Mar 2015 08:01:24 GMT" time="219.183" errors="0">
  <testcase name="validateClassZeroOrderValidatorTest" time="124.83" classname="com.doosan.nao.classOrderTest.ClassZeroOrderValidator"/>
</testsuite> <!-- com.doosan.nao.classOrderTest.ClassZeroOrderValidator for firefox1 -->
