<?xml version="1.0" encoding="UTF-8"?>
<testng-results skipped="0" failed="0" ignored="0" total="2" passed="2">
  <reporter-output>
    <line>
      <![CDATA[2019/07/23 19:50:56  :   getDataFromXLS initiated::SelectOrgExistenceTwoDropDown]]>
    </line>
    <line>
      <![CDATA[2019/07/23 19:50:56  :   RunModeVerification initited::SelectOrgExistenceTwoDropDown]]>
    </line>
    <line>
      <![CDATA[2019/07/23 19:50:56  :   RunModeDataSearch initated::SelectOrgExistenceTwoDropDown]]>
    </line>
    <line>
      <![CDATA[2019/07/23 19:50:56  :   getInputFromMultiInputTestData initated::SelectOrgExistenceTwoDropDown]]>
    </line>
    <line>
      <![CDATA[2019/07/23 19:50:56  :   getInputFromMultiInputTestData completed::SelectOrgExistenceTwoDropDown]]>
    </line>
    <line>
      <![CDATA[2019/07/23 19:50:56  :   RunModeDataSearch completed::SelectOrgExistenceTwoDropDown]]>
    </line>
    <line>
      <![CDATA[2019/07/23 19:50:56:SelectOrgExistenceTwoDropDown~chrome:passed]]>
    </line>
    <line>
      <![CDATA[<tr><td><a href='file:///C:\Users\rajkumars\git\IRWWebservice\hybris-nao-tests\\//che-dt-idc1/Hybris/reports/Screenshots\SelectOrgExistenceTwoDropDown~chrome__TestData2_passed.jpg'> <img src='file:///C:\Users\rajkumars\git\IRWWebservice\hybris-nao-tests\\//che-dt-idc1/Hybris/reports/Screenshots\SelectOrgExistenceTwoDropDown~chrome__TestData2_passed.jpg' height='100' width='100'/><b><strong><font size='3' color='OrangeRed'></font></strong></b><b><font size='3' color='Indigo'>SelectOrgExistenceTwoDropDown~chrome__TestData2_<font size='3' color='green'>passed</font></b></a></td></tr>]]>
    </line>
    <line>
      <![CDATA[2019/07/23 19:50:56:SelectOrgExistenceTwoDropDown~chrome:passed]]>
    </line>
    <line>
      <![CDATA[<tr><td><a href='file:///C:\Users\rajkumars\git\IRWWebservice\hybris-nao-tests\\//che-dt-idc1/Hybris/reports/Screenshots\SelectOrgExistenceTwoDropDown~chrome__TestData3_passed.jpg'> <img src='file:///C:\Users\rajkumars\git\IRWWebservice\hybris-nao-tests\\//che-dt-idc1/Hybris/reports/Screenshots\SelectOrgExistenceTwoDropDown~chrome__TestData3_passed.jpg' height='100' width='100'/><b><strong><font size='3' color='OrangeRed'></font></strong></b><b><font size='3' color='Indigo'>SelectOrgExistenceTwoDropDown~chrome__TestData3_<font size='3' color='green'>passed</font></b></a></td></tr>]]>
    </line>
  </reporter-output>
  <suite name="Hybris AWS and Fleetmanagement automation Test" duration-ms="202648" started-at="2019-07-23T14:20:56Z" finished-at="2019-07-23T14:24:18Z">
    <groups>
    </groups>
    <test name="SelectOrgPageTest" duration-ms="202648" started-at="2019-07-23T14:20:56Z" finished-at="2019-07-23T14:24:18Z">
      <class name="com.doosan.nao.pagfactory.classOrderTest.SelectOrgExistenceTwoDropDown">
        <test-method status="PASS" signature="setUpForSelectOrgPageTwoDropDownTest(java.lang.String, java.lang.String, java.lang.String, java.lang.String)[pri:0, instance:com.doosan.nao.pagfactory.classOrderTest.SelectOrgExistenceTwoDropDown@2d6eabae]" name="setUpForSelectOrgPageTwoDropDownTest" is-config="true" duration-ms="20839" started-at="2019-07-23T14:20:57Z" finished-at="2019-07-23T14:21:18Z">
          <params>
            <param index="0">
              <value>
                <![CDATA[chrome]]>
              </value>
            </param>
            <param index="1">
              <value>
                <![CDATA[30.0]]>
              </value>
            </param>
            <param index="2">
              <value>
                <![CDATA[Windows]]>
              </value>
            </param>
            <param index="3">
              <value>
                <![CDATA[7]]>
              </value>
            </param>
          </params>
          <reporter-output>
          </reporter-output>
        </test-method> <!-- setUpForSelectOrgPageTwoDropDownTest -->
        <test-method status="PASS" signature="validateSelectOrgPageTwoDropDownTest(java.lang.String, java.lang.String, java.lang.String, java.lang.String, java.lang.String, java.lang.String, java.lang.String, java.lang.String, java.lang.String, java.lang.String, java.lang.String)[pri:1, instance:com.doosan.nao.pagfactory.classOrderTest.SelectOrgExistenceTwoDropDown@2d6eabae]" name="validateSelectOrgPageTwoDropDownTest" duration-ms="26848" started-at="2019-07-23T14:21:18Z" data-provider="SelectOrgExistenceTwoDropDown" finished-at="2019-07-23T14:21:44Z">
          <params>
            <param index="0">
              <value>
                <![CDATA[TestData2]]>
              </value>
            </param>
            <param index="1">
              <value>
                <![CDATA[Dave.Cottin]]>
              </value>
            </param>
            <param index="2">
              <value>
                <![CDATA[Welcome@1]]>
              </value>
            </param>
            <param index="3">
              <value>
                <![CDATA[Bobcat]]>
              </value>
            </param>
            <param index="4">
              <value>
                <![CDATA[1225987]]>
              </value>
            </param>
            <param index="5">
              <value>
                <![CDATA[85D10]]>
              </value>
            </param>
            <param index="6">
              <value>
                <![CDATA[1]]>
              </value>
            </param>
            <param index="7">
              <value>
                <![CDATA[Bin One 2]]>
              </value>
            </param>
            <param index="8">
              <value>
                <![CDATA[Class One 2]]>
              </value>
            </param>
            <param index="9">
              <value>
                <![CDATA[Bobcat of Regina Ltd,Regina,SK]]>
              </value>
            </param>
            <param index="10">
              <value>
                <![CDATA[1350060]]>
              </value>
            </param>
          </params>
          <reporter-output>
          </reporter-output>
        </test-method> <!-- validateSelectOrgPageTwoDropDownTest -->
        <test-method status="PASS" signature="onTestFailure(org.testng.ITestResult)[pri:0, instance:com.doosan.nao.pagfactory.classOrderTest.SelectOrgExistenceTwoDropDown@2d6eabae]" name="onTestFailure" is-config="true" duration-ms="59131" started-at="2019-07-23T14:21:44Z" finished-at="2019-07-23T14:22:44Z">
          <params>
            <param index="0">
              <value>
                <![CDATA[[TestResult name=validateSelectOrgPageTwoDropDownTest status=SUCCESS method=SelectOrgExistenceTwoDropDown.validateSelectOrgPageTwoDropDownTest(java.lang.String, java.lang.String, java.lang.String, java.lang.String, java.lang.String, java.lang.String, java.lang.String, java.lang.String, java.lang.String, java.lang.String, java.lang.String)[pri:1, instance:com.doosan.nao.pagfactory.classOrderTest.SelectOrgExistenceTwoDropDown@2d6eabae] output={null}]]]>
              </value>
            </param>
          </params>
          <reporter-output>
            <line>
              <![CDATA[2019/07/23 19:50:56:SelectOrgExistenceTwoDropDown~chrome:passed]]>
            </line>
            <line>
              <![CDATA[<tr><td><a href='file:///C:\Users\rajkumars\git\IRWWebservice\hybris-nao-tests\\//che-dt-idc1/Hybris/reports/Screenshots\SelectOrgExistenceTwoDropDown~chrome__TestData2_passed.jpg'> <img src='file:///C:\Users\rajkumars\git\IRWWebservice\hybris-nao-tests\\//che-dt-idc1/Hybris/reports/Screenshots\SelectOrgExistenceTwoDropDown~chrome__TestData2_passed.jpg' height='100' width='100'/><b><strong><font size='3' color='OrangeRed'></font></strong></b><b><font size='3' color='Indigo'>SelectOrgExistenceTwoDropDown~chrome__TestData2_<font size='3' color='green'>passed</font></b></a></td></tr>]]>
            </line>
          </reporter-output>
        </test-method> <!-- onTestFailure -->
        <test-method status="PASS" signature="setUpForSelectOrgPageTwoDropDownTest(java.lang.String, java.lang.String, java.lang.String, java.lang.String)[pri:0, instance:com.doosan.nao.pagfactory.classOrderTest.SelectOrgExistenceTwoDropDown@2d6eabae]" name="setUpForSelectOrgPageTwoDropDownTest" is-config="true" duration-ms="38617" started-at="2019-07-23T14:22:44Z" finished-at="2019-07-23T14:23:22Z">
          <params>
            <param index="0">
              <value>
                <![CDATA[chrome]]>
              </value>
            </param>
            <param index="1">
              <value>
                <![CDATA[30.0]]>
              </value>
            </param>
            <param index="2">
              <value>
                <![CDATA[Windows]]>
              </value>
            </param>
            <param index="3">
              <value>
                <![CDATA[7]]>
              </value>
            </param>
          </params>
          <reporter-output>
          </reporter-output>
        </test-method> <!-- setUpForSelectOrgPageTwoDropDownTest -->
        <test-method status="PASS" signature="validateSelectOrgPageTwoDropDownTest(java.lang.String, java.lang.String, java.lang.String, java.lang.String, java.lang.String, java.lang.String, java.lang.String, java.lang.String, java.lang.String, java.lang.String, java.lang.String)[pri:1, instance:com.doosan.nao.pagfactory.classOrderTest.SelectOrgExistenceTwoDropDown@2d6eabae]" name="validateSelectOrgPageTwoDropDownTest" duration-ms="25835" started-at="2019-07-23T14:23:22Z" data-provider="SelectOrgExistenceTwoDropDown" finished-at="2019-07-23T14:23:48Z">
          <params>
            <param index="0">
              <value>
                <![CDATA[TestData3]]>
              </value>
            </param>
            <param index="1">
              <value>
                <![CDATA[Dave.Cottin]]>
              </value>
            </param>
            <param index="2">
              <value>
                <![CDATA[Welcome@1]]>
              </value>
            </param>
            <param index="3">
              <value>
                <![CDATA[Bobcat]]>
              </value>
            </param>
            <param index="4">
              <value>
                <![CDATA[1225987]]>
              </value>
            </param>
            <param index="5">
              <value>
                <![CDATA[85D10]]>
              </value>
            </param>
            <param index="6">
              <value>
                <![CDATA[1]]>
              </value>
            </param>
            <param index="7">
              <value>
                <![CDATA[Bin One 2]]>
              </value>
            </param>
            <param index="8">
              <value>
                <![CDATA[Class One 2]]>
              </value>
            </param>
            <param index="9">
              <value>
                <![CDATA[Bobcat of Regina Ltd,Regina,SK]]>
              </value>
            </param>
            <param index="10">
              <value>
                <![CDATA[1350060]]>
              </value>
            </param>
          </params>
          <reporter-output>
          </reporter-output>
        </test-method> <!-- validateSelectOrgPageTwoDropDownTest -->
        <test-method status="PASS" signature="onTestFailure(org.testng.ITestResult)[pri:0, instance:com.doosan.nao.pagfactory.classOrderTest.SelectOrgExistenceTwoDropDown@2d6eabae]" name="onTestFailure" is-config="true" duration-ms="30455" started-at="2019-07-23T14:23:48Z" finished-at="2019-07-23T14:24:18Z">
          <params>
            <param index="0">
              <value>
                <![CDATA[[TestResult name=validateSelectOrgPageTwoDropDownTest status=SUCCESS method=SelectOrgExistenceTwoDropDown.validateSelectOrgPageTwoDropDownTest(java.lang.String, java.lang.String, java.lang.String, java.lang.String, java.lang.String, java.lang.String, java.lang.String, java.lang.String, java.lang.String, java.lang.String, java.lang.String)[pri:1, instance:com.doosan.nao.pagfactory.classOrderTest.SelectOrgExistenceTwoDropDown@2d6eabae] output={null}]]]>
              </value>
            </param>
          </params>
          <reporter-output>
            <line>
              <![CDATA[2019/07/23 19:50:56:SelectOrgExistenceTwoDropDown~chrome:passed]]>
            </line>
            <line>
              <![CDATA[<tr><td><a href='file:///C:\Users\rajkumars\git\IRWWebservice\hybris-nao-tests\\//che-dt-idc1/Hybris/reports/Screenshots\SelectOrgExistenceTwoDropDown~chrome__TestData3_passed.jpg'> <img src='file:///C:\Users\rajkumars\git\IRWWebservice\hybris-nao-tests\\//che-dt-idc1/Hybris/reports/Screenshots\SelectOrgExistenceTwoDropDown~chrome__TestData3_passed.jpg' height='100' width='100'/><b><strong><font size='3' color='OrangeRed'></font></strong></b><b><font size='3' color='Indigo'>SelectOrgExistenceTwoDropDown~chrome__TestData3_<font size='3' color='green'>passed</font></b></a></td></tr>]]>
            </line>
          </reporter-output>
        </test-method> <!-- onTestFailure -->
      </class> <!-- com.doosan.nao.pagfactory.classOrderTest.SelectOrgExistenceTwoDropDown -->
    </test> <!-- SelectOrgPageTest -->
  </suite> <!-- Hybris AWS and Fleetmanagement automation Test -->
</testng-results>
