<?xml version="1.0" encoding="UTF-8"?>
<!-- Generated by org.testng.reporters.JUnitXMLReporter -->
<testsuite hostname="Che-Lt-Rajak" name="SelectOrgIsOptionDisabledTest" tests="2" failures="0" timestamp="4 Jun 2019 12:05:14 GMT" time="127.034" errors="0">
  <testcase name="validateSelectOrgSearchOptionsInDropdownTest" time="33.974" classname="com.doosan.nao.pagfactory.classOrderTest.SelectOrgIsOptionDisabledTest"/>
  <testcase name="validateSelectOrgSearchOptionsInDropdownTest" time="22.542" classname="com.doosan.nao.pagfactory.classOrderTest.SelectOrgIsOptionDisabledTest"/>
</testsuite> <!-- SelectOrgIsOptionDisabledTest -->
