<?xml version="1.0" encoding="UTF-8"?>
<!-- Generated by org.testng.reporters.JUnitXMLReporter -->
<testsuite hostname="Che-Lt-Rajak" name="SelectOrgSearchByBrand" tests="2" failures="0" timestamp="4 Jun 2019 12:15:07 GMT" time="178.157" errors="0">
  <testcase name="validateSelectOrgPageTwoDropDownTest" time="52.829" classname="com.doosan.nao.pagfactory.classOrderTest.SelectOrgSearchByBrand"/>
  <testcase name="validateSelectOrgPageTwoDropDownTest" time="56.92" classname="com.doosan.nao.pagfactory.classOrderTest.SelectOrgSearchByBrand"/>
</testsuite> <!-- SelectOrgSearchByBrand -->
