<?xml version="1.0" encoding="UTF-8"?>
<!-- Generated by org.testng.reporters.JUnitXMLReporter -->
<testsuite hostname="Che-Lt-Rajak" ignored="0" name="SelectOrgPageTest" tests="2" failures="0" timestamp="18 Jul 2019 10:05:09 GMT" time="151.131" errors="0">
  <testcase name="validateSelectOrgPageTwoDropDownTest" time="23.746" classname="com.doosan.nao.pagfactory.classOrderTest.SelectOrgExistenceTwoDropDown"/>
  <testcase name="validateSelectOrgPageTwoDropDownTest" time="36.868" classname="com.doosan.nao.pagfactory.classOrderTest.SelectOrgExistenceTwoDropDown"/>
</testsuite> <!-- SelectOrgPageTest -->
