<?xml version="1.0" encoding="UTF-8"?>
<!-- Generated by org.testng.reporters.JUnitXMLReporter -->
<testsuite hostname="Che-Lt-Rajak" name="SelectOrgExistenceTwoDropDown" tests="2" failures="0" timestamp="4 Jun 2019 12:00:22 GMT" time="158.964" errors="0">
  <testcase name="validateSelectOrgPageTwoDropDownTest" time="22.154" classname="com.doosan.nao.pagfactory.classOrderTest.SelectOrgExistenceTwoDropDown"/>
  <testcase name="validateSelectOrgPageTwoDropDownTest" time="20.719" classname="com.doosan.nao.pagfactory.classOrderTest.SelectOrgExistenceTwoDropDown"/>
</testsuite> <!-- SelectOrgExistenceTwoDropDown -->
