<?xml version="1.0" encoding="UTF-8"?>
<!-- Generated by org.testng.reporters.JUnitXMLReporter -->
<testsuite hostname="Che-Lt-Rajak" name="SelectOrgSearchOptsInDropdwTest" tests="2" failures="0" timestamp="4 Jun 2019 12:03:07 GMT" time="164.888" errors="0">
  <testcase name="validateSelectOrgSearchOptionsInDropdownTest" time="21.541" classname="com.doosan.nao.pagfactory.classOrderTest.SelectOrgSearchOptsInDropdwTest"/>
  <testcase name="validateSelectOrgSearchOptionsInDropdownTest" time="22.595" classname="com.doosan.nao.pagfactory.classOrderTest.SelectOrgSearchOptsInDropdwTest"/>
</testsuite> <!-- SelectOrgSearchOptsInDropdwTest -->
