<?xml version="1.0" encoding="UTF-8"?>
<!-- Generated by org.testng.reporters.JUnitXMLReporter -->
<testsuite hostname="Che-Lt-Rajak" name="SelectOrgSearchCustomerNumTest2" tests="2" failures="0" timestamp="4 Jun 2019 12:09:08 GMT" time="109.686" errors="0">
  <testcase name="validateSelectOrgPageTwoDropDownTest" time="23.62" classname="com.doosan.nao.pagfactory.classOrderTest.SelectOrgSearchCustomerNumTest2"/>
  <testcase name="validateSelectOrgPageTwoDropDownTest" time="22.078" classname="com.doosan.nao.pagfactory.classOrderTest.SelectOrgSearchCustomerNumTest2"/>
</testsuite> <!-- SelectOrgSearchCustomerNumTest2 -->
