<?xml version="1.0" encoding="UTF-8"?>
<!-- Generated by org.testng.reporters.JUnitXMLReporter -->
<testsuite hostname="Che-Lt-Rajak" name="SelectOrgSearchResultZero" tests="2" failures="0" timestamp="4 Jun 2019 12:18:48 GMT" time="107.705" errors="0">
  <testcase name="validateSelectOrgPageTwoDropDownTest" time="20.992" classname="com.doosan.nao.pagfactory.classOrderTest.SelectOrgSearchResultZero"/>
  <testcase name="validateSelectOrgPageTwoDropDownTest" time="21.866" classname="com.doosan.nao.pagfactory.classOrderTest.SelectOrgSearchResultZero"/>
</testsuite> <!-- SelectOrgSearchResultZero -->
