<?xml version="1.0" encoding="UTF-8"?>
<!-- Generated by org.testng.reporters.JUnitXMLReporter -->
<testsuite hostname="Che-Lt-Rajak" name="SelectOrgSearchOrgNameTest" tests="2" failures="0" timestamp="4 Jun 2019 12:07:18 GMT" time="124.199" errors="0">
  <testcase name="validateSelectOrgPageTwoDropDownTest" time="24.41" classname="com.doosan.nao.pagfactory.classOrderTest.SelectOrgSearchOrgNameTest"/>
  <testcase name="validateSelectOrgPageTwoDropDownTest" time="32.124" classname="com.doosan.nao.pagfactory.classOrderTest.SelectOrgSearchOrgNameTest"/>
</testsuite> <!-- SelectOrgSearchOrgNameTest -->
