<?xml version="1.0" encoding="UTF-8"?>
<!-- Generated by org.testng.reporters.JUnitXMLReporter -->
<testsuite hostname="Che-Lt-Rajak" name="SelectOrgPage UI Test" tests="2" failures="0" timestamp="4 Jun 2019 11:57:43 GMT" time="166.249" errors="0">
  <testcase name="validateSelectOrgPageUITest" time="23.532" classname="com.doosan.nao.pagfactory.classOrderTest.SelectOrgPageUITest"/>
  <testcase name="validateSelectOrgPageUITest" time="23.819" classname="com.doosan.nao.pagfactory.classOrderTest.SelectOrgPageUITest"/>
</testsuite> <!-- SelectOrgPage UI Test -->
