<?xml version="1.0" encoding="UTF-8"?>
<!-- Generated by org.testng.reporters.JUnitXMLReporter -->
<testsuite hostname="Che-Lt-Rajak" name="SelectOrgSearchTwoContains" tests="2" failures="0" timestamp="4 Jun 2019 12:17:00 GMT" time="113.285" errors="0">
  <testcase name="validateSelectOrgPageTwoDropDownTest" time="22.883" classname="com.doosan.nao.pagfactory.classOrderTest.SelectOrgSearchTwoContains"/>
  <testcase name="validateSelectOrgPageTwoDropDownTest" time="22.301" classname="com.doosan.nao.pagfactory.classOrderTest.SelectOrgSearchTwoContains"/>
</testsuite> <!-- SelectOrgSearchTwoContains -->
