<?xml version="1.0" encoding="UTF-8"?>
<!-- Generated by org.testng.reporters.JUnitXMLReporter -->
<testsuite hostname="Che-Lt-Rajak" ignored="0" name="SelectOrgPageTest" tests="2" failures="0" timestamp="23 Jul 2019 14:24:19 GMT" time="202.648" errors="0">
  <testcase name="validateSelectOrgPageTwoDropDownTest" time="26.848" classname="com.doosan.nao.pagfactory.classOrderTest.SelectOrgExistenceTwoDropDown"/>
  <testcase name="validateSelectOrgPageTwoDropDownTest" time="25.835" classname="com.doosan.nao.pagfactory.classOrderTest.SelectOrgExistenceTwoDropDown"/>
</testsuite> <!-- SelectOrgPageTest -->
