<?xml version="1.0" encoding="UTF-8"?>
<!-- Generated by org.testng.reporters.JUnitXMLReporter -->
<testsuite hostname="Che-Lt-Rajak" name="SelOrgSrchByCityStateTest" tests="3" failures="0" timestamp="4 Jun 2019 12:12:09 GMT" time="180.937" errors="0">
  <testcase name="validateSelectOrgPageTwoDropDownTest" time="21.684" classname="com.doosan.nao.pagfactory.classOrderTest.SelOrgSrchByCityStateTest"/>
  <testcase name="validateSelectOrgPageTwoDropDownTest" time="33.748" classname="com.doosan.nao.pagfactory.classOrderTest.SelOrgSrchByCityStateTest"/>
  <testcase name="validateSelectOrgPageTwoDropDownTest" time="26.795" classname="com.doosan.nao.pagfactory.classOrderTest.SelOrgSrchByCityStateTest"/>
</testsuite> <!-- SelOrgSrchByCityStateTest -->
